Training on GPU.
[12 11:34:42] Tasks:SST-2
Loading cached processed dataset at /home/nsccgz_jiangsu/glue-datasets/sst2/train/cache-b56ac859f4e4e7c1.arrow
Loading cached processed dataset at /home/nsccgz_jiangsu/glue-datasets/sst2/validation/cache-2734c3aa0e8acba4.arrow
Loading cached processed dataset at /home/nsccgz_jiangsu/glue-datasets/sst2/test/cache-ba887918cfee0845.arrow
[12 11:34:46] Sample 31722 of the training set: {'attention_mask': [1, 1, 1, 1, 1, 1, 1, 1, 1, 1, 1, 0, 0, 0, 0, 0, 0, 0, 0, 0, 0, 0, 0, 0, 0, 0, 0, 0, 0, 0, 0, 0, 0, 0, 0, 0, 0, 0, 0, 0, 0, 0, 0, 0, 0, 0, 0, 0, 0, 0, 0, 0, 0, 0, 0, 0, 0, 0, 0, 0, 0, 0, 0, 0, 0, 0, 0, 0, 0, 0, 0, 0, 0, 0, 0, 0, 0, 0, 0, 0, 0, 0, 0, 0, 0, 0, 0, 0, 0, 0, 0, 0, 0, 0, 0, 0, 0, 0, 0, 0, 0, 0, 0, 0, 0, 0, 0, 0, 0, 0, 0, 0, 0, 0, 0, 0, 0, 0, 0, 0, 0, 0, 0, 0, 0, 0, 0, 0], 'idx': 31722, 'input_ids': [101, 170, 18397, 11078, 4558, 117, 1133, 1136, 2385, 170, 102, 0, 0, 0, 0, 0, 0, 0, 0, 0, 0, 0, 0, 0, 0, 0, 0, 0, 0, 0, 0, 0, 0, 0, 0, 0, 0, 0, 0, 0, 0, 0, 0, 0, 0, 0, 0, 0, 0, 0, 0, 0, 0, 0, 0, 0, 0, 0, 0, 0, 0, 0, 0, 0, 0, 0, 0, 0, 0, 0, 0, 0, 0, 0, 0, 0, 0, 0, 0, 0, 0, 0, 0, 0, 0, 0, 0, 0, 0, 0, 0, 0, 0, 0, 0, 0, 0, 0, 0, 0, 0, 0, 0, 0, 0, 0, 0, 0, 0, 0, 0, 0, 0, 0, 0, 0, 0, 0, 0, 0, 0, 0, 0, 0, 0, 0, 0, 0], 'label': 1, 'sentence': 'a compelling yarn , but not quite a '}.
Loading cached processed dataset at /home/nsccgz_jiangsu/glue-datasets/sst2/train/cache-b56ac859f4e4e7c1.arrow
Loading cached processed dataset at /home/nsccgz_jiangsu/glue-datasets/sst2/validation/cache-2734c3aa0e8acba4.arrow
Loading cached processed dataset at /home/nsccgz_jiangsu/glue-datasets/sst2/test/cache-ba887918cfee0845.arrow
[12 11:34:46] Sample 563 of the training set: {'attention_mask': [1, 1, 1, 1, 1, 1, 1, 1, 1, 1, 1, 1, 1, 1, 1, 1, 1, 1, 1, 1, 1, 1, 1, 0, 0, 0, 0, 0, 0, 0, 0, 0, 0, 0, 0, 0, 0, 0, 0, 0, 0, 0, 0, 0, 0, 0, 0, 0, 0, 0, 0, 0, 0, 0, 0, 0, 0, 0, 0, 0, 0, 0, 0, 0, 0, 0, 0, 0, 0, 0, 0, 0, 0, 0, 0, 0, 0, 0, 0, 0, 0, 0, 0, 0, 0, 0, 0, 0, 0, 0, 0, 0, 0, 0, 0, 0, 0, 0, 0, 0, 0, 0, 0, 0, 0, 0, 0, 0, 0, 0, 0, 0, 0, 0, 0, 0, 0, 0, 0, 0, 0, 0, 0, 0, 0, 0, 0, 0], 'idx': 563, 'input_ids': [101, 1114, 16225, 118, 6777, 8617, 117, 1185, 1183, 2093, 1144, 24423, 1126, 11431, 8144, 1154, 170, 8290, 117, 24977, 2523, 119, 102, 0, 0, 0, 0, 0, 0, 0, 0, 0, 0, 0, 0, 0, 0, 0, 0, 0, 0, 0, 0, 0, 0, 0, 0, 0, 0, 0, 0, 0, 0, 0, 0, 0, 0, 0, 0, 0, 0, 0, 0, 0, 0, 0, 0, 0, 0, 0, 0, 0, 0, 0, 0, 0, 0, 0, 0, 0, 0, 0, 0, 0, 0, 0, 0, 0, 0, 0, 0, 0, 0, 0, 0, 0, 0, 0, 0, 0, 0, 0, 0, 0, 0, 0, 0, 0, 0, 0, 0, 0, 0, 0, 0, 0, 0, 0, 0, 0, 0, 0, 0, 0, 0, 0, 0, 0], 'label': 1, 'sentence': 'with rabbit-proof fence , noyce has tailored an epic tale into a lean , economical movie . '}.
[12 11:34:47] *** DataSet Ready ***
[12 11:34:47] Tasks:QQP
Loading cached processed dataset at /home/nsccgz_jiangsu/glue-datasets/qqp/train/cache-9f50b1632157eac7.arrow
Loading cached processed dataset at /home/nsccgz_jiangsu/glue-datasets/qqp/validation/cache-4e30bde882668fbc.arrow
Loading cached processed dataset at /home/nsccgz_jiangsu/glue-datasets/qqp/test/cache-0de510aea6f58f1f.arrow
[12 11:34:47] Sample 143053 of the training set: {'attention_mask': [1, 1, 1, 1, 1, 1, 1, 1, 1, 1, 1, 1, 1, 1, 1, 1, 1, 1, 1, 1, 1, 1, 1, 1, 1, 1, 1, 1, 1, 1, 1, 1, 0, 0, 0, 0, 0, 0, 0, 0, 0, 0, 0, 0, 0, 0, 0, 0, 0, 0, 0, 0, 0, 0, 0, 0, 0, 0, 0, 0, 0, 0, 0, 0, 0, 0, 0, 0, 0, 0, 0, 0, 0, 0, 0, 0, 0, 0, 0, 0, 0, 0, 0, 0, 0, 0, 0, 0, 0, 0, 0, 0, 0, 0, 0, 0, 0, 0, 0, 0, 0, 0, 0, 0, 0, 0, 0, 0, 0, 0, 0, 0, 0, 0, 0, 0, 0, 0, 0, 0, 0, 0, 0, 0, 0, 0, 0, 0], 'idx': 143053, 'input_ids': [101, 1327, 6556, 1104, 1234, 1885, 1147, 192, 8914, 1182, 1228, 1113, 1147, 11947, 136, 102, 1327, 6556, 1104, 1234, 1885, 1228, 1147, 192, 8914, 1182, 1113, 1147, 6866, 16215, 136, 102, 0, 0, 0, 0, 0, 0, 0, 0, 0, 0, 0, 0, 0, 0, 0, 0, 0, 0, 0, 0, 0, 0, 0, 0, 0, 0, 0, 0, 0, 0, 0, 0, 0, 0, 0, 0, 0, 0, 0, 0, 0, 0, 0, 0, 0, 0, 0, 0, 0, 0, 0, 0, 0, 0, 0, 0, 0, 0, 0, 0, 0, 0, 0, 0, 0, 0, 0, 0, 0, 0, 0, 0, 0, 0, 0, 0, 0, 0, 0, 0, 0, 0, 0, 0, 0, 0, 0, 0, 0, 0, 0, 0, 0, 0, 0, 0], 'label': 1, 'question1': 'What percentage of people turn their wifi off on their phones?', 'question2': 'What percentage of people turn off their wifi on their smartphones?'}.
Loading cached processed dataset at /home/nsccgz_jiangsu/glue-datasets/qqp/train/cache-9f50b1632157eac7.arrow
Loading cached processed dataset at /home/nsccgz_jiangsu/glue-datasets/qqp/validation/cache-4e30bde882668fbc.arrow
Loading cached processed dataset at /home/nsccgz_jiangsu/glue-datasets/qqp/test/cache-0de510aea6f58f1f.arrow
[12 11:34:48] Sample 1298 of the training set: {'attention_mask': [1, 1, 1, 1, 1, 1, 1, 1, 1, 1, 1, 1, 1, 1, 1, 1, 1, 1, 1, 1, 1, 1, 1, 1, 1, 1, 1, 1, 1, 1, 1, 1, 1, 1, 1, 1, 0, 0, 0, 0, 0, 0, 0, 0, 0, 0, 0, 0, 0, 0, 0, 0, 0, 0, 0, 0, 0, 0, 0, 0, 0, 0, 0, 0, 0, 0, 0, 0, 0, 0, 0, 0, 0, 0, 0, 0, 0, 0, 0, 0, 0, 0, 0, 0, 0, 0, 0, 0, 0, 0, 0, 0, 0, 0, 0, 0, 0, 0, 0, 0, 0, 0, 0, 0, 0, 0, 0, 0, 0, 0, 0, 0, 0, 0, 0, 0, 0, 0, 0, 0, 0, 0, 0, 0, 0, 0, 0, 0], 'idx': 1298, 'input_ids': [101, 146, 3666, 1111, 170, 14171, 1105, 1400, 1126, 16028, 2069, 13182, 119, 1327, 1110, 1103, 7791, 1106, 1243, 170, 1664, 118, 16028, 2069, 13182, 136, 102, 1731, 1431, 1103, 16028, 2069, 1129, 2709, 136, 102, 0, 0, 0, 0, 0, 0, 0, 0, 0, 0, 0, 0, 0, 0, 0, 0, 0, 0, 0, 0, 0, 0, 0, 0, 0, 0, 0, 0, 0, 0, 0, 0, 0, 0, 0, 0, 0, 0, 0, 0, 0, 0, 0, 0, 0, 0, 0, 0, 0, 0, 0, 0, 0, 0, 0, 0, 0, 0, 0, 0, 0, 0, 0, 0, 0, 0, 0, 0, 0, 0, 0, 0, 0, 0, 0, 0, 0, 0, 0, 0, 0, 0, 0, 0, 0, 0, 0, 0, 0, 0, 0, 0], 'label': 0, 'question1': 'I applied for a passport and got an ECR stamp. What is the procedure to get a non-ECR stamp?', 'question2': 'How should the ECR be filled?'}.
[12 11:34:48] *** DataSet Ready ***
[12 11:34:48] Tasks:CoLA
Loading cached processed dataset at /home/nsccgz_jiangsu/glue-datasets/cola/train/cache-df420a59d9e82b53.arrow
Loading cached processed dataset at /home/nsccgz_jiangsu/glue-datasets/cola/validation/cache-7fde7607f5f35e08.arrow
Loading cached processed dataset at /home/nsccgz_jiangsu/glue-datasets/cola/test/cache-04cb34a29a5a2124.arrow
[12 11:34:49] Sample 7644 of the training set: {'attention_mask': [1, 1, 1, 1, 1, 1, 1, 1, 1, 1, 1, 1, 1, 1, 1, 0, 0, 0, 0, 0, 0, 0, 0, 0, 0, 0, 0, 0, 0, 0, 0, 0, 0, 0, 0, 0, 0, 0, 0, 0, 0, 0, 0, 0, 0, 0, 0, 0, 0, 0, 0, 0, 0, 0, 0, 0, 0, 0, 0, 0, 0, 0, 0, 0, 0, 0, 0, 0, 0, 0, 0, 0, 0, 0, 0, 0, 0, 0, 0, 0, 0, 0, 0, 0, 0, 0, 0, 0, 0, 0, 0, 0, 0, 0, 0, 0, 0, 0, 0, 0, 0, 0, 0, 0, 0, 0, 0, 0, 0, 0, 0, 0, 0, 0, 0, 0, 0, 0, 0, 0, 0, 0, 0, 0, 0, 0, 0, 0], 'idx': 7644, 'input_ids': [101, 2809, 10834, 3801, 1117, 2368, 1103, 5657, 117, 26184, 1105, 9846, 4055, 119, 102, 0, 0, 0, 0, 0, 0, 0, 0, 0, 0, 0, 0, 0, 0, 0, 0, 0, 0, 0, 0, 0, 0, 0, 0, 0, 0, 0, 0, 0, 0, 0, 0, 0, 0, 0, 0, 0, 0, 0, 0, 0, 0, 0, 0, 0, 0, 0, 0, 0, 0, 0, 0, 0, 0, 0, 0, 0, 0, 0, 0, 0, 0, 0, 0, 0, 0, 0, 0, 0, 0, 0, 0, 0, 0, 0, 0, 0, 0, 0, 0, 0, 0, 0, 0, 0, 0, 0, 0, 0, 0, 0, 0, 0, 0, 0, 0, 0, 0, 0, 0, 0, 0, 0, 0, 0, 0, 0, 0, 0, 0, 0, 0, 0], 'label': 1, 'sentence': 'Only Churchill remembered his giving the Blood, Sweat and Tears speech.'}.
Loading cached processed dataset at /home/nsccgz_jiangsu/glue-datasets/cola/train/cache-df420a59d9e82b53.arrow
Loading cached processed dataset at /home/nsccgz_jiangsu/glue-datasets/cola/validation/cache-7fde7607f5f35e08.arrow
Loading cached processed dataset at /home/nsccgz_jiangsu/glue-datasets/cola/test/cache-04cb34a29a5a2124.arrow
[12 11:34:50] Sample 67 of the training set: {'attention_mask': [1, 1, 1, 1, 1, 1, 0, 0, 0, 0, 0, 0, 0, 0, 0, 0, 0, 0, 0, 0, 0, 0, 0, 0, 0, 0, 0, 0, 0, 0, 0, 0, 0, 0, 0, 0, 0, 0, 0, 0, 0, 0, 0, 0, 0, 0, 0, 0, 0, 0, 0, 0, 0, 0, 0, 0, 0, 0, 0, 0, 0, 0, 0, 0, 0, 0, 0, 0, 0, 0, 0, 0, 0, 0, 0, 0, 0, 0, 0, 0, 0, 0, 0, 0, 0, 0, 0, 0, 0, 0, 0, 0, 0, 0, 0, 0, 0, 0, 0, 0, 0, 0, 0, 0, 0, 0, 0, 0, 0, 0, 0, 0, 0, 0, 0, 0, 0, 0, 0, 0, 0, 0, 0, 0, 0, 0, 0, 0], 'idx': 67, 'input_ids': [101, 1284, 1809, 1143, 119, 102, 0, 0, 0, 0, 0, 0, 0, 0, 0, 0, 0, 0, 0, 0, 0, 0, 0, 0, 0, 0, 0, 0, 0, 0, 0, 0, 0, 0, 0, 0, 0, 0, 0, 0, 0, 0, 0, 0, 0, 0, 0, 0, 0, 0, 0, 0, 0, 0, 0, 0, 0, 0, 0, 0, 0, 0, 0, 0, 0, 0, 0, 0, 0, 0, 0, 0, 0, 0, 0, 0, 0, 0, 0, 0, 0, 0, 0, 0, 0, 0, 0, 0, 0, 0, 0, 0, 0, 0, 0, 0, 0, 0, 0, 0, 0, 0, 0, 0, 0, 0, 0, 0, 0, 0, 0, 0, 0, 0, 0, 0, 0, 0, 0, 0, 0, 0, 0, 0, 0, 0, 0, 0], 'label': 1, 'sentence': 'We elected me.'}.
[12 11:34:50] *** DataSet Ready ***
[12 11:34:50] Tasks:MRPC
Loading cached processed dataset at /home/nsccgz_jiangsu/glue-datasets/mrpc/train/cache-35ddc9a4abe27ad1.arrow
Loading cached processed dataset at /home/nsccgz_jiangsu/glue-datasets/mrpc/validation/cache-79c87fdcccdc9b2a.arrow
Loading cached processed dataset at /home/nsccgz_jiangsu/glue-datasets/mrpc/test/cache-8faa5424f5214e72.arrow
[12 11:34:51] Sample 2306 of the training set: {'attention_mask': [1, 1, 1, 1, 1, 1, 1, 1, 1, 1, 1, 1, 1, 1, 1, 1, 1, 1, 1, 1, 1, 1, 1, 1, 1, 1, 1, 1, 1, 1, 1, 1, 1, 1, 1, 1, 1, 1, 1, 1, 1, 1, 0, 0, 0, 0, 0, 0, 0, 0, 0, 0, 0, 0, 0, 0, 0, 0, 0, 0, 0, 0, 0, 0, 0, 0, 0, 0, 0, 0, 0, 0, 0, 0, 0, 0, 0, 0, 0, 0, 0, 0, 0, 0, 0, 0, 0, 0, 0, 0, 0, 0, 0, 0, 0, 0, 0, 0, 0, 0, 0, 0, 0, 0, 0, 0, 0, 0, 0, 0, 0, 0, 0, 0, 0, 0, 0, 0, 0, 0, 0, 0, 0, 0, 0, 0, 0, 0], 'idx': 2565, 'input_ids': [101, 1153, 1108, 8027, 5178, 1317, 1551, 1113, 1103, 1285, 1119, 1452, 117, 1131, 1163, 119, 102, 107, 1130, 1864, 117, 146, 1108, 8027, 4809, 1317, 1551, 1120, 1142, 2016, 117, 1272, 1119, 1350, 1177, 7127, 117, 107, 1131, 1163, 119, 102, 0, 0, 0, 0, 0, 0, 0, 0, 0, 0, 0, 0, 0, 0, 0, 0, 0, 0, 0, 0, 0, 0, 0, 0, 0, 0, 0, 0, 0, 0, 0, 0, 0, 0, 0, 0, 0, 0, 0, 0, 0, 0, 0, 0, 0, 0, 0, 0, 0, 0, 0, 0, 0, 0, 0, 0, 0, 0, 0, 0, 0, 0, 0, 0, 0, 0, 0, 0, 0, 0, 0, 0, 0, 0, 0, 0, 0, 0, 0, 0, 0, 0, 0, 0, 0, 0], 'label': 0, 'sentence1': 'She was physically ill several times on the day he died , she said .', 'sentence2': '" In fact , I was physically sick several times at this stage , because he looked so desperate , " she said .'}.
Loading cached processed dataset at /home/nsccgz_jiangsu/glue-datasets/mrpc/train/cache-35ddc9a4abe27ad1.arrow
Loading cached processed dataset at /home/nsccgz_jiangsu/glue-datasets/mrpc/validation/cache-79c87fdcccdc9b2a.arrow
Loading cached processed dataset at /home/nsccgz_jiangsu/glue-datasets/mrpc/test/cache-8faa5424f5214e72.arrow
[12 11:34:52] Sample 84 of the training set: {'attention_mask': [1, 1, 1, 1, 1, 1, 1, 1, 1, 1, 1, 1, 1, 1, 1, 1, 1, 1, 1, 1, 1, 1, 1, 1, 1, 1, 1, 1, 1, 1, 1, 1, 1, 1, 1, 1, 1, 1, 1, 1, 1, 1, 1, 1, 1, 1, 1, 1, 1, 1, 1, 1, 1, 1, 1, 0, 0, 0, 0, 0, 0, 0, 0, 0, 0, 0, 0, 0, 0, 0, 0, 0, 0, 0, 0, 0, 0, 0, 0, 0, 0, 0, 0, 0, 0, 0, 0, 0, 0, 0, 0, 0, 0, 0, 0, 0, 0, 0, 0, 0, 0, 0, 0, 0, 0, 0, 0, 0, 0, 0, 0, 0, 0, 0, 0, 0, 0, 0, 0, 0, 0, 0, 0, 0, 0, 0, 0, 0], 'idx': 781, 'input_ids': [101, 160, 9642, 6512, 4603, 1314, 1214, 1170, 1217, 24294, 1113, 2877, 3085, 10258, 4917, 5336, 170, 1842, 3327, 4891, 16037, 1106, 1537, 1813, 1671, 119, 102, 160, 9642, 6512, 4603, 1107, 1523, 1379, 1164, 1160, 2277, 1170, 1217, 24294, 1113, 3085, 10258, 4917, 1107, 170, 1842, 3327, 1692, 16037, 1106, 1103, 1419, 119, 102, 0, 0, 0, 0, 0, 0, 0, 0, 0, 0, 0, 0, 0, 0, 0, 0, 0, 0, 0, 0, 0, 0, 0, 0, 0, 0, 0, 0, 0, 0, 0, 0, 0, 0, 0, 0, 0, 0, 0, 0, 0, 0, 0, 0, 0, 0, 0, 0, 0, 0, 0, 0, 0, 0, 0, 0, 0, 0, 0, 0, 0, 0, 0, 0, 0, 0, 0, 0, 0, 0, 0, 0, 0], 'label': 1, 'sentence1': 'Wittig resigned last year after being indicted on federal bank fraud charges involving a real estate loan unrelated to Westar business .', 'sentence2': 'Wittig resigned in late November about two weeks after being indicted on bank fraud charges in a real estate case unrelated to the company .'}.
[12 11:34:52] *** DataSet Ready ***
[12 11:34:53] TOTAL/Train 1/56851, lr:[1e-05], loss0-0.687623, loss1-0.711444, loss2-0.665892, loss3-0.605114
[12 11:34:54] TOTAL/Train 2/56851, lr:[9.999824101598918e-06], loss0-0.688998, loss1-0.701700, loss2-0.701110, loss3-0.624550
[12 11:34:55] TOTAL/Train 3/56851, lr:[9.999648203197833e-06], loss0-0.695749, loss1-0.690111, loss2-0.676316, loss3-0.637052
[12 11:34:55] TOTAL/Train 4/56851, lr:[9.99947230479675e-06], loss0-0.698668, loss1-0.678090, loss2-0.687939, loss3-0.770528
[12 11:34:56] TOTAL/Train 5/56851, lr:[9.999296406395666e-06], loss0-0.679774, loss1-0.676227, loss2-0.673481, loss3-0.683674
[12 11:34:56] TOTAL/Train 6/56851, lr:[9.999120507994583e-06], loss0-0.704527, loss1-0.677794, loss2-0.653396, loss3-0.609126
[12 11:34:57] TOTAL/Train 7/56851, lr:[9.998944609593499e-06], loss0-0.678673, loss1-0.660462, loss2-0.659961, loss3-0.616772
[12 11:34:57] TOTAL/Train 8/56851, lr:[9.998768711192416e-06], loss0-0.697325, loss1-0.678196, loss2-0.677869, loss3-0.689133
[12 11:34:58] TOTAL/Train 9/56851, lr:[9.998592812791333e-06], loss0-0.679588, loss1-0.664852, loss2-0.713348, loss3-0.674811
[12 11:34:58] TOTAL/Train 10/56851, lr:[9.998416914390248e-06], loss0-0.682137, loss1-0.628939, loss2-0.687252, loss3-0.681503
[12 11:34:59] TOTAL/Train 11/56851, lr:[9.998241015989166e-06], loss0-0.689267, loss1-0.653292, loss2-0.763177, loss3-0.694405
[12 11:34:59] TOTAL/Train 12/56851, lr:[9.998065117588081e-06], loss0-0.674753, loss1-0.682854, loss2-0.645718, loss3-0.786357
[12 11:35:00] TOTAL/Train 13/56851, lr:[9.997889219186998e-06], loss0-0.686225, loss1-0.661781, loss2-0.697596, loss3-0.749241
